Line 224: Class MSDataListLib.DataCombo of control unitsCombo was not a loaded control class.
Line 239: Class MSMask.MaskEdBox of control shippieces was not a loaded control class.
Line 314: Class MSAdodcLib.Adodc of control units was not a loaded control class.
Line 361: Class MSAdodcLib.Adodc of control party was not a loaded control class.
Line 439: Class MSComCtl2.DTPicker of control Eformdated was not a loaded control class.
Line 451: Class MSComCtl2.DTPicker of control GDFormdated was not a loaded control class.
Line 463: Class MSComCtl2.DTPicker of control MRNOdated was not a loaded control class.
Line 613: Class MSComCtl2.DTPicker of control realdate was not a loaded control class.
Line 625: Class MSDataListLib.DataCombo of control Bankscombo was not a loaded control class.
Line 720: Class MSMask.MaskEdBox of control fcyvalue was not a loaded control class.
Line 732: Class MSDataListLib.DataCombo of control curcombo was not a loaded control class.
Line 747: Class MSMask.MaskEdBox of control exrate was not a loaded control class.
Line 761: Class MSMask.MaskEdBox of control insurance was not a loaded control class.
Line 773: Class MSMask.MaskEdBox of control valpkr was not a loaded control class.
Line 786: Class MSMask.MaskEdBox of control freight was not a loaded control class.
Line 798: Class MSMask.MaskEdBox of control commission was not a loaded control class.
Line 967: Class MSDataListLib.DataCombo of control PartyCombo was not a loaded control class.
Line 1080: Class MSDataListLib.DataCombo of control Companycombo was not a loaded control class.
Line 1156: Class MSAdodcLib.Adodc of control curren was not a loaded control class.
Line 1203: Class MSAdodcLib.Adodc of control aport was not a loaded control class.
Line 1421: Class MSAdodcLib.Adodc of control RNDa was not a loaded control class.
Line 1468: Class MSAdodcLib.Adodc of control Company was not a loaded control class.
Line 1515: Class MSAdodcLib.Adodc of control Sport was not a loaded control class.
Line 1562: Class MSDataListLib.DataCombo of control invno was not a loaded control class.
Line 1575: Class MSComCtl2.DTPicker of control invdate was not a loaded control class.
Line 1621: Class MSComCtl2.DTPicker of control blnodated was not a loaded control class.
Line 1633: Class MSDataListLib.DataCombo of control Seacombo was not a loaded control class.
Line 1648: Class MSComCtl2.DTPicker of control sarrival_date was not a loaded control class.
Line 1815: Class MSDataListLib.DataCombo of control airportcombo was not a loaded control class.
Line 1832: Class MSComCtl2.DTPicker of control AWBdated was not a loaded control class.
Line 1844: Class MSComCtl2.DTPicker of control aArrival_date was not a loaded control class.
Line 1987: Class MSAdodcLib.Adodc of control Bank_addoc was not a loaded control class.
Line 2045: Class MSMask.MaskEdBox of control rdscharges was not a loaded control class.
Line 2057: Class MSMask.MaskEdBox of control netpkrval was not a loaded control class.
Line 2070: Class MSMask.MaskEdBox of control rdsamt was not a loaded control class.
Line 2083: Class MSMask.MaskEdBox of control rds_solid was not a loaded control class.
Line 2096: Class MSMask.MaskEdBox of control rds_white was not a loaded control class.
Line 2108: Class MSMask.MaskEdBox of control white_weight was not a loaded control class.
Line 2120: Class MSMask.MaskEdBox of control solid_weight was not a loaded control class.
Line 2132: Class MSMask.MaskEdBox of control total_weight was not a loaded control class.
Line 2352: Class MSMask.MaskEdBox of control rds_charges_h was not a loaded control class.
Line 2364: Class MSMask.MaskEdBox of control netvalpkr_h was not a loaded control class.
Line 2377: Class MSMask.MaskEdBox of control rds_amt_h was not a loaded control class.
